[0m21:43:44.003921 [debug] [MainThread]: Sending event: {'category': 'dbt', 'action': 'invocation', 'label': 'start', 'context': [<snowplow_tracker.self_describing_json.SelfDescribingJson object at 0x000002087A9AF6D0>, <snowplow_tracker.self_describing_json.SelfDescribingJson object at 0x000002087A9AE9D0>, <snowplow_tracker.self_describing_json.SelfDescribingJson object at 0x000002087A9AF850>]}


============================== 21:43:44.019865 | 8a40fc26-a0ae-435b-ba83-deeff74ea3a6 ==============================
[0m21:43:44.019865 [info ] [MainThread]: Running with dbt=1.11.7
[0m21:43:44.019865 [debug] [MainThread]: running dbt with arguments {'version_check': 'True', 'no_print': 'None', 'static_parser': 'True', 'warn_error_options': 'WarnErrorOptionsV2(error=[], warn=[], silence=[])', 'target_path': 'None', 'printer_width': '80', 'write_json': 'True', 'introspect': 'True', 'log_cache_events': 'False', 'empty': 'None', 'cache_selected_only': 'False', 'fail_fast': 'False', 'debug': 'False', 'log_format': 'default', 'profiles_dir': 'C:\\Users\\pc\\.dbt', 'send_anonymous_usage_stats': 'True', 'quiet': 'False', 'warn_error': 'None', 'partial_parse': 'True', 'invocation_command': 'dbt init dbt_project', 'indirect_selection': 'eager', 'use_colors': 'True', 'use_experimental_parser': 'False', 'log_path': 'logs'}
[0m21:43:44.085183 [info ] [MainThread]: Creating dbt configuration folder at C:\Users\pc\.dbt
[0m21:43:44.087795 [info ] [MainThread]: A project called dbt_project already exists here.
[0m21:43:44.093535 [debug] [MainThread]: Command `dbt init` succeeded at 21:43:44.087795 after 0.22 seconds
[0m21:43:44.093535 [debug] [MainThread]: Sending event: {'category': 'dbt', 'action': 'invocation', 'label': 'end', 'context': [<snowplow_tracker.self_describing_json.SelfDescribingJson object at 0x0000020872B39D90>, <snowplow_tracker.self_describing_json.SelfDescribingJson object at 0x000002087A9CBE90>, <snowplow_tracker.self_describing_json.SelfDescribingJson object at 0x000002087A9CBC10>]}
[0m21:43:44.095542 [debug] [MainThread]: Flushing usage events
[0m21:43:46.241051 [debug] [MainThread]: An error was encountered while trying to flush usage events
[0m20:28:54.649566 [debug] [MainThread]: Sending event: {'category': 'dbt', 'action': 'invocation', 'label': 'start', 'context': [<snowplow_tracker.self_describing_json.SelfDescribingJson object at 0x000001764D53FC90>, <snowplow_tracker.self_describing_json.SelfDescribingJson object at 0x0000017649CAA910>, <snowplow_tracker.self_describing_json.SelfDescribingJson object at 0x000001764E56F850>]}


============================== 20:28:54.658497 | 1c7c3707-6765-408d-89d0-df933c7fe453 ==============================
[0m20:28:54.658497 [info ] [MainThread]: Running with dbt=1.11.7
[0m20:28:54.658497 [debug] [MainThread]: running dbt with arguments {'version_check': 'True', 'no_print': 'None', 'static_parser': 'True', 'target_path': 'None', 'warn_error_options': 'WarnErrorOptionsV2(error=[], warn=[], silence=[])', 'printer_width': '80', 'write_json': 'True', 'introspect': 'True', 'log_cache_events': 'False', 'empty': 'None', 'cache_selected_only': 'False', 'fail_fast': 'False', 'debug': 'False', 'log_format': 'default', 'partial_parse': 'True', 'send_anonymous_usage_stats': 'True', 'quiet': 'False', 'warn_error': 'None', 'profiles_dir': 'C:\\Users\\pc\\.dbt', 'indirect_selection': 'eager', 'use_colors': 'True', 'invocation_command': 'dbt init dbt_project', 'use_experimental_parser': 'False', 'log_path': 'logs'}
[0m20:28:54.712684 [info ] [MainThread]: A project called dbt_project already exists here.
[0m20:28:54.712684 [debug] [MainThread]: Command `dbt init` succeeded at 20:28:54.712684 after 0.18 seconds
[0m20:28:54.712684 [debug] [MainThread]: Sending event: {'category': 'dbt', 'action': 'invocation', 'label': 'end', 'context': [<snowplow_tracker.self_describing_json.SelfDescribingJson object at 0x0000017646779BD0>, <snowplow_tracker.self_describing_json.SelfDescribingJson object at 0x000001764E58FC10>, <snowplow_tracker.self_describing_json.SelfDescribingJson object at 0x000001764E58FC50>]}
[0m20:28:54.712684 [debug] [MainThread]: Flushing usage events
[0m20:28:57.761837 [debug] [MainThread]: An error was encountered while trying to flush usage events
[0m00:04:07.252954 [debug] [MainThread]: Sending event: {'category': 'dbt', 'action': 'invocation', 'label': 'start', 'context': [<snowplow_tracker.self_describing_json.SelfDescribingJson object at 0x0000026667F38DD0>, <snowplow_tracker.self_describing_json.SelfDescribingJson object at 0x000002666CD542D0>, <snowplow_tracker.self_describing_json.SelfDescribingJson object at 0x000002666DD839D0>]}


============================== 00:04:07.267133 | acd96aaf-ce0b-463a-8495-b532b72ca64d ==============================
[0m00:04:07.267133 [info ] [MainThread]: Running with dbt=1.11.7
[0m00:04:07.268062 [debug] [MainThread]: running dbt with arguments {'static_parser': 'True', 'no_print': 'None', 'version_check': 'True', 'warn_error_options': 'WarnErrorOptionsV2(error=[], warn=[], silence=[])', 'target_path': 'None', 'printer_width': '80', 'write_json': 'True', 'empty': 'None', 'log_cache_events': 'False', 'introspect': 'True', 'cache_selected_only': 'False', 'fail_fast': 'False', 'debug': 'False', 'log_format': 'default', 'partial_parse': 'True', 'send_anonymous_usage_stats': 'True', 'quiet': 'False', 'warn_error': 'None', 'profiles_dir': 'C:\\Users\\pc\\.dbt', 'use_colors': 'True', 'indirect_selection': 'eager', 'invocation_command': 'dbt init dbt_project', 'use_experimental_parser': 'False', 'log_path': 'logs'}
[0m00:04:07.340208 [info ] [MainThread]: A project called dbt_project already exists here.
[0m00:04:07.341049 [debug] [MainThread]: Command `dbt init` succeeded at 00:04:07.341049 after 0.25 seconds
[0m00:04:07.341049 [debug] [MainThread]: Sending event: {'category': 'dbt', 'action': 'invocation', 'label': 'end', 'context': [<snowplow_tracker.self_describing_json.SelfDescribingJson object at 0x000002666CD56650>, <snowplow_tracker.self_describing_json.SelfDescribingJson object at 0x0000026665F29C50>, <snowplow_tracker.self_describing_json.SelfDescribingJson object at 0x000002666CAFD090>]}
[0m00:04:07.348800 [debug] [MainThread]: Flushing usage events
[0m00:04:09.638246 [debug] [MainThread]: An error was encountered while trying to flush usage events
[0m01:18:21.693570 [debug] [MainThread]: Sending event: {'category': 'dbt', 'action': 'invocation', 'label': 'start', 'context': [<snowplow_tracker.self_describing_json.SelfDescribingJson object at 0x000001D09335FDD0>, <snowplow_tracker.self_describing_json.SelfDescribingJson object at 0x000001D093364250>, <snowplow_tracker.self_describing_json.SelfDescribingJson object at 0x000001D093366150>]}


============================== 01:18:21.704239 | 32fd8b1c-58c4-4899-99db-416136f852f3 ==============================
[0m01:18:21.704239 [info ] [MainThread]: Running with dbt=1.11.7
[0m01:18:21.705239 [debug] [MainThread]: running dbt with arguments {'static_parser': 'True', 'no_print': 'None', 'version_check': 'True', 'target_path': 'None', 'warn_error_options': 'WarnErrorOptionsV2(error=[], warn=[], silence=[])', 'printer_width': '80', 'write_json': 'True', 'empty': 'None', 'log_cache_events': 'False', 'introspect': 'True', 'cache_selected_only': 'False', 'fail_fast': 'False', 'debug': 'False', 'log_format': 'default', 'partial_parse': 'True', 'send_anonymous_usage_stats': 'True', 'quiet': 'False', 'warn_error': 'None', 'profiles_dir': 'C:\\Users\\pc\\.dbt', 'invocation_command': 'dbt init dbt_project', 'indirect_selection': 'eager', 'use_colors': 'True', 'use_experimental_parser': 'False', 'log_path': 'logs'}
[0m01:18:21.771801 [debug] [MainThread]: Starter project path: C:\Users\pc\credit-risk-dashboard\venv\Lib\site-packages\dbt\include\starter_project
[0m01:18:21.926241 [info ] [MainThread]: 
Your new dbt project "dbt_project" was created!

For more information on how to configure the profiles.yml file,
please consult the dbt documentation here:

  https://docs.getdbt.com/docs/configure-your-profile

One more thing:

Need help? Don't hesitate to reach out to us via GitHub issues or on Slack:

  https://community.getdbt.com/

Happy modeling!

[0m01:18:21.929502 [info ] [MainThread]: Setting up your profile.
[0m01:19:12.439212 [debug] [MainThread]: Command `dbt init` succeeded at 01:19:12.439212 after 50.95 seconds
[0m01:19:12.439212 [debug] [MainThread]: Sending event: {'category': 'dbt', 'action': 'invocation', 'label': 'end', 'context': [<snowplow_tracker.self_describing_json.SelfDescribingJson object at 0x000001D0943AE410>, <snowplow_tracker.self_describing_json.SelfDescribingJson object at 0x000001D08C539C50>, <snowplow_tracker.self_describing_json.SelfDescribingJson object at 0x000001D094393A90>]}
[0m01:19:12.439212 [debug] [MainThread]: Flushing usage events
[0m01:19:14.285537 [debug] [MainThread]: An error was encountered while trying to flush usage events
